2020-10-10 21:34:44.596 | main | INFO  | o.s.b.StartupInfoLogger:StartupInfoLogger.java(50) | Starting MyApplication on pc-PC with PID 12268 (F:\workspace\contest\main.war\out\production\classes started by pc in F:\workspace\contest\main.war)
2020-10-10 21:34:44.598 | main | INFO  | o.s.b.SpringApplication:SpringApplication.java(648) | No active profile set, falling back to default profiles: default
2020-10-10 21:34:45.970 | main | INFO  | o.s.c.s.PostProcessorRegistrationDelegate$BeanPostProcessorChecker:PostProcessorRegistrationDelegate.java(330) | Bean 'org.springframework.transaction.annotation.ProxyTransactionManagementConfiguration' of type [org.springframework.transaction.annotation.ProxyTransactionManagementConfiguration$$EnhancerBySpringCGLIB$$b66ee729] is not eligible for getting processed by all BeanPostProcessors (for example: not eligible for auto-proxying)
2020-10-10 21:34:46.276 | main | INFO  | o.s.b.w.e.t.TomcatWebServer:TomcatWebServer.java(90) | Tomcat initialized with port(s): 8888 (http)
2020-10-10 21:34:46.442 | main | INFO  | o.s.b.w.s.c.ServletWebServerApplicationContext:ServletWebServerApplicationContext.java(284) | Root WebApplicationContext: initialization completed in 1784 ms
2020-10-10 21:34:47.302 | main | INFO  | o.s.s.c.ExecutorConfigurationSupport:ExecutorConfigurationSupport.java(171) | Initializing ExecutorService
2020-10-10 21:34:47.304 | main | INFO  | o.s.s.c.ExecutorConfigurationSupport:ExecutorConfigurationSupport.java(171) | Initializing ExecutorService 'taskExecutor'
2020-10-10 21:34:47.882 | main | INFO  | t.m.m.a.MapperCacheDisabler:MapperCacheDisabler.java(60) | Clear tk.mybatis.mapper.util.MsUtil CLASS_CACHE cache.
2020-10-10 21:34:47.883 | main | INFO  | t.m.m.a.MapperCacheDisabler:MapperCacheDisabler.java(60) | Clear tk.mybatis.mapper.genid.GenIdUtil CACHE cache.
2020-10-10 21:34:47.884 | main | INFO  | t.m.m.a.MapperCacheDisabler:MapperCacheDisabler.java(60) | Clear tk.mybatis.mapper.version.VersionUtil CACHE cache.
2020-10-10 21:34:47.884 | main | INFO  | t.m.m.a.MapperCacheDisabler:MapperCacheDisabler.java(83) | Clear EntityHelper entityTableMap cache.
2020-10-10 21:34:47.893 | main | INFO  | o.s.b.a.e.w.EndpointLinksResolver:EndpointLinksResolver.java(58) | Exposing 2 endpoint(s) beneath base path '/actuator'
2020-10-10 21:34:47.993 | main | INFO  | o.s.b.w.e.t.TomcatWebServer:TomcatWebServer.java(202) | Tomcat started on port(s): 8888 (http) with context path ''
2020-10-10 21:34:47.996 | main | INFO  | o.s.b.StartupInfoLogger:StartupInfoLogger.java(59) | Started MyApplication in 3.946 seconds (JVM running for 5.021)
2020-10-10 21:34:48.437 | RMI TCP Connection(2)-192.168.1.5 | WARN  | c.z.h.HikariConfig:HikariConfig.java(1008) | {} - idleTimeout has been set but has no effect because the pool is operating as a fixed size pool.
2020-10-10 21:34:48.438 | RMI TCP Connection(1)-192.168.1.5 | INFO  | o.s.w.s.FrameworkServlet:FrameworkServlet.java(524) | Initializing Servlet 'dispatcherServlet'
2020-10-10 21:34:48.445 | RMI TCP Connection(2)-192.168.1.5 | INFO  | c.z.h.HikariDataSource:HikariDataSource.java(110) | HikariPool-1 - Starting...
2020-10-10 21:34:48.450 | RMI TCP Connection(1)-192.168.1.5 | INFO  | o.s.w.s.FrameworkServlet:FrameworkServlet.java(546) | Completed initialization in 12 ms
2020-10-10 21:34:48.736 | RMI TCP Connection(2)-192.168.1.5 | INFO  | c.z.h.HikariDataSource:HikariDataSource.java(123) | HikariPool-1 - Start completed.
2020-10-10 21:35:03.977 | http-nio-8888-exec-3 | ERROR | c.t.c.h.GlobalExceptionHandler:GlobalExceptionHandler.java(26) | 
### Error updating database.  Cause: com.mysql.jdbc.exceptions.jdbc4.MySQLSyntaxErrorException: Table 'contest.user_test' doesn't exist
### The error may involve com.contest.first.dao.UserDao.delete-Inline
### The error occurred while setting parameters
### SQL: DELETE FROM USER_TEST
### Cause: com.mysql.jdbc.exceptions.jdbc4.MySQLSyntaxErrorException: Table 'contest.user_test' doesn't exist
; bad SQL grammar []; nested exception is com.mysql.jdbc.exceptions.jdbc4.MySQLSyntaxErrorException: Table 'contest.user_test' doesn't exist
org.springframework.jdbc.BadSqlGrammarException: 
### Error updating database.  Cause: com.mysql.jdbc.exceptions.jdbc4.MySQLSyntaxErrorException: Table 'contest.user_test' doesn't exist
### The error may involve com.contest.first.dao.UserDao.delete-Inline
### The error occurred while setting parameters
### SQL: DELETE FROM USER_TEST
### Cause: com.mysql.jdbc.exceptions.jdbc4.MySQLSyntaxErrorException: Table 'contest.user_test' doesn't exist
; bad SQL grammar []; nested exception is com.mysql.jdbc.exceptions.jdbc4.MySQLSyntaxErrorException: Table 'contest.user_test' doesn't exist
	at org.springframework.jdbc.support.SQLErrorCodeSQLExceptionTranslator.doTranslate(SQLErrorCodeSQLExceptionTranslator.java:234)
	at org.springframework.jdbc.support.AbstractFallbackSQLExceptionTranslator.translate(AbstractFallbackSQLExceptionTranslator.java:72)
	at org.mybatis.spring.MyBatisExceptionTranslator.translateExceptionIfPossible(MyBatisExceptionTranslator.java:73)
	at org.mybatis.spring.SqlSessionTemplate$SqlSessionInterceptor.invoke(SqlSessionTemplate.java:446)
	at com.sun.proxy.$Proxy92.delete(Unknown Source)
	at org.mybatis.spring.SqlSessionTemplate.delete(SqlSessionTemplate.java:310)
	at org.apache.ibatis.binding.MapperMethod.execute(MapperMethod.java:68)
	at org.apache.ibatis.binding.MapperProxy.invoke(MapperProxy.java:59)
	at com.sun.proxy.$Proxy100.delete(Unknown Source)
	at com.contest.first.service.impl.FirstServiceImpl.batchInsert(FirstServiceImpl.java:155)
	at com.contest.first.service.impl.FirstServiceImpl.batchInsertTest(FirstServiceImpl.java:232)
	at sun.reflect.NativeMethodAccessorImpl.invoke0(Native Method)
	at sun.reflect.NativeMethodAccessorImpl.invoke(NativeMethodAccessorImpl.java:62)
	at sun.reflect.DelegatingMethodAccessorImpl.invoke(DelegatingMethodAccessorImpl.java:43)
	at java.lang.reflect.Method.invoke(Method.java:498)
	at org.springframework.aop.support.AopUtils.invokeJoinpointUsingReflection(AopUtils.java:343)
	at org.springframework.aop.framework.JdkDynamicAopProxy.invoke(JdkDynamicAopProxy.java:205)
	at com.sun.proxy.$Proxy103.batchInsertTest(Unknown Source)
	at com.contest.first.web.FirstController.listAssetBills(FirstController.java:29)
	at sun.reflect.NativeMethodAccessorImpl.invoke0(Native Method)
	at sun.reflect.NativeMethodAccessorImpl.invoke(NativeMethodAccessorImpl.java:62)
	at sun.reflect.DelegatingMethodAccessorImpl.invoke(DelegatingMethodAccessorImpl.java:43)
	at java.lang.reflect.Method.invoke(Method.java:498)
	at org.springframework.web.method.support.InvocableHandlerMethod.doInvoke(InvocableHandlerMethod.java:190)
	at org.springframework.web.method.support.InvocableHandlerMethod.invokeForRequest(InvocableHandlerMethod.java:138)
	at org.springframework.web.servlet.mvc.method.annotation.ServletInvocableHandlerMethod.invokeAndHandle(ServletInvocableHandlerMethod.java:104)
	at org.springframework.web.servlet.mvc.method.annotation.RequestMappingHandlerAdapter.invokeHandlerMethod(RequestMappingHandlerAdapter.java:892)
	at org.springframework.web.servlet.mvc.method.annotation.RequestMappingHandlerAdapter.handleInternal(RequestMappingHandlerAdapter.java:797)
	at org.springframework.web.servlet.mvc.method.AbstractHandlerMethodAdapter.handle(AbstractHandlerMethodAdapter.java:87)
	at org.springframework.web.servlet.DispatcherServlet.doDispatch(DispatcherServlet.java:1039)
	at org.springframework.web.servlet.DispatcherServlet.doService(DispatcherServlet.java:942)
	at org.springframework.web.servlet.FrameworkServlet.processRequest(FrameworkServlet.java:1005)
	at org.springframework.web.servlet.FrameworkServlet.doGet(FrameworkServlet.java:897)
	at javax.servlet.http.HttpServlet.service(HttpServlet.java:634)
	at org.springframework.web.servlet.FrameworkServlet.service(FrameworkServlet.java:882)
	at javax.servlet.http.HttpServlet.service(HttpServlet.java:741)
	at org.apache.catalina.core.ApplicationFilterChain.internalDoFilter(ApplicationFilterChain.java:231)
	at org.apache.catalina.core.ApplicationFilterChain.doFilter(ApplicationFilterChain.java:166)
	at org.apache.tomcat.websocket.server.WsFilter.doFilter(WsFilter.java:53)
	at org.apache.catalina.core.ApplicationFilterChain.internalDoFilter(ApplicationFilterChain.java:193)
	at org.apache.catalina.core.ApplicationFilterChain.doFilter(ApplicationFilterChain.java:166)
	at org.springframework.boot.actuate.web.trace.servlet.HttpTraceFilter.doFilterInternal(HttpTraceFilter.java:88)
	at org.springframework.web.filter.OncePerRequestFilter.doFilter(OncePerRequestFilter.java:109)
	at org.apache.catalina.core.ApplicationFilterChain.internalDoFilter(ApplicationFilterChain.java:193)
	at org.apache.catalina.core.ApplicationFilterChain.doFilter(ApplicationFilterChain.java:166)
	at org.springframework.web.filter.RequestContextFilter.doFilterInternal(RequestContextFilter.java:99)
	at org.springframework.web.filter.OncePerRequestFilter.doFilter(OncePerRequestFilter.java:109)
	at org.apache.catalina.core.ApplicationFilterChain.internalDoFilter(ApplicationFilterChain.java:193)
	at org.apache.catalina.core.ApplicationFilterChain.doFilter(ApplicationFilterChain.java:166)
	at org.springframework.web.filter.FormContentFilter.doFilterInternal(FormContentFilter.java:92)
	at org.springframework.web.filter.OncePerRequestFilter.doFilter(OncePerRequestFilter.java:109)
	at org.apache.catalina.core.ApplicationFilterChain.internalDoFilter(ApplicationFilterChain.java:193)
	at org.apache.catalina.core.ApplicationFilterChain.doFilter(ApplicationFilterChain.java:166)
	at org.springframework.web.filter.HiddenHttpMethodFilter.doFilterInternal(HiddenHttpMethodFilter.java:93)
	at org.springframework.web.filter.OncePerRequestFilter.doFilter(OncePerRequestFilter.java:109)
	at org.apache.catalina.core.ApplicationFilterChain.internalDoFilter(ApplicationFilterChain.java:193)
	at org.apache.catalina.core.ApplicationFilterChain.doFilter(ApplicationFilterChain.java:166)
	at org.springframework.boot.actuate.metrics.web.servlet.WebMvcMetricsFilter.filterAndRecordMetrics(WebMvcMetricsFilter.java:114)
	at org.springframework.boot.actuate.metrics.web.servlet.WebMvcMetricsFilter.doFilterInternal(WebMvcMetricsFilter.java:104)
	at org.springframework.web.filter.OncePerRequestFilter.doFilter(OncePerRequestFilter.java:109)
	at org.apache.catalina.core.ApplicationFilterChain.internalDoFilter(ApplicationFilterChain.java:193)
	at org.apache.catalina.core.ApplicationFilterChain.doFilter(ApplicationFilterChain.java:166)
	at org.springframework.web.filter.CharacterEncodingFilter.doFilterInternal(CharacterEncodingFilter.java:200)
	at org.springframework.web.filter.OncePerRequestFilter.doFilter(OncePerRequestFilter.java:109)
	at org.apache.catalina.core.ApplicationFilterChain.internalDoFilter(ApplicationFilterChain.java:193)
	at org.apache.catalina.core.ApplicationFilterChain.doFilter(ApplicationFilterChain.java:166)
	at org.apache.catalina.core.StandardWrapperValve.invoke(StandardWrapperValve.java:202)
	at org.apache.catalina.core.StandardContextValve.invoke(StandardContextValve.java:96)
	at org.apache.catalina.authenticator.AuthenticatorBase.invoke(AuthenticatorBase.java:526)
	at org.apache.catalina.core.StandardHostValve.invoke(StandardHostValve.java:139)
	at org.apache.catalina.valves.ErrorReportValve.invoke(ErrorReportValve.java:92)
	at org.apache.catalina.core.StandardEngineValve.invoke(StandardEngineValve.java:74)
	at org.apache.catalina.connector.CoyoteAdapter.service(CoyoteAdapter.java:343)
	at org.apache.coyote.http11.Http11Processor.service(Http11Processor.java:408)
	at org.apache.coyote.AbstractProcessorLight.process(AbstractProcessorLight.java:66)
	at org.apache.coyote.AbstractProtocol$ConnectionHandler.process(AbstractProtocol.java:860)
	at org.apache.tomcat.util.net.NioEndpoint$SocketProcessor.doRun(NioEndpoint.java:1589)
	at org.apache.tomcat.util.net.SocketProcessorBase.run(SocketProcessorBase.java:49)
	at java.util.concurrent.ThreadPoolExecutor.runWorker(ThreadPoolExecutor.java:1149)
	at java.util.concurrent.ThreadPoolExecutor$Worker.run(ThreadPoolExecutor.java:624)
	at org.apache.tomcat.util.threads.TaskThread$WrappingRunnable.run(TaskThread.java:61)
	at java.lang.Thread.run(Thread.java:748)
Caused by: com.mysql.jdbc.exceptions.jdbc4.MySQLSyntaxErrorException: Table 'contest.user_test' doesn't exist
	at sun.reflect.NativeConstructorAccessorImpl.newInstance0(Native Method)
	at sun.reflect.NativeConstructorAccessorImpl.newInstance(NativeConstructorAccessorImpl.java:62)
	at sun.reflect.DelegatingConstructorAccessorImpl.newInstance(DelegatingConstructorAccessorImpl.java:45)
	at java.lang.reflect.Constructor.newInstance(Constructor.java:423)
	at com.mysql.jdbc.Util.handleNewInstance(Util.java:389)
	at com.mysql.jdbc.Util.getInstance(Util.java:372)
	at com.mysql.jdbc.SQLError.createSQLException(SQLError.java:980)
	at com.mysql.jdbc.MysqlIO.checkErrorPacket(MysqlIO.java:3835)
	at com.mysql.jdbc.MysqlIO.checkErrorPacket(MysqlIO.java:3771)
	at com.mysql.jdbc.MysqlIO.sendCommand(MysqlIO.java:2435)
	at com.mysql.jdbc.MysqlIO.sqlQueryDirect(MysqlIO.java:2582)
	at com.mysql.jdbc.ConnectionImpl.execSQL(ConnectionImpl.java:2535)
	at com.mysql.jdbc.PreparedStatement.executeInternal(PreparedStatement.java:1911)
	at com.mysql.jdbc.PreparedStatement.execute(PreparedStatement.java:1203)
	at com.zaxxer.hikari.pool.ProxyPreparedStatement.execute(ProxyPreparedStatement.java:44)
	at com.zaxxer.hikari.pool.HikariProxyPreparedStatement.execute(HikariProxyPreparedStatement.java)
	at sun.reflect.NativeMethodAccessorImpl.invoke0(Native Method)
	at sun.reflect.NativeMethodAccessorImpl.invoke(NativeMethodAccessorImpl.java:62)
	at sun.reflect.DelegatingMethodAccessorImpl.invoke(DelegatingMethodAccessorImpl.java:43)
	at java.lang.reflect.Method.invoke(Method.java:498)
	at org.apache.ibatis.logging.jdbc.PreparedStatementLogger.invoke(PreparedStatementLogger.java:59)
	at com.sun.proxy.$Proxy120.execute(Unknown Source)
	at org.apache.ibatis.executor.statement.PreparedStatementHandler.update(PreparedStatementHandler.java:46)
	at org.apache.ibatis.executor.statement.RoutingStatementHandler.update(RoutingStatementHandler.java:74)
	at org.apache.ibatis.executor.SimpleExecutor.doUpdate(SimpleExecutor.java:50)
	at org.apache.ibatis.executor.BaseExecutor.update(BaseExecutor.java:117)
	at org.apache.ibatis.executor.CachingExecutor.update(CachingExecutor.java:76)
	at org.apache.ibatis.session.defaults.DefaultSqlSession.update(DefaultSqlSession.java:198)
	at org.apache.ibatis.session.defaults.DefaultSqlSession.delete(DefaultSqlSession.java:213)
	at sun.reflect.NativeMethodAccessorImpl.invoke0(Native Method)
	at sun.reflect.NativeMethodAccessorImpl.invoke(NativeMethodAccessorImpl.java:62)
	at sun.reflect.DelegatingMethodAccessorImpl.invoke(DelegatingMethodAccessorImpl.java:43)
	at java.lang.reflect.Method.invoke(Method.java:498)
	at org.mybatis.spring.SqlSessionTemplate$SqlSessionInterceptor.invoke(SqlSessionTemplate.java:433)
	... 78 common frames omitted
2020-10-10 21:39:48.993 | Thread-11 | INFO  | o.s.s.c.ExecutorConfigurationSupport:ExecutorConfigurationSupport.java(208) | Shutting down ExecutorService 'taskExecutor'
2020-10-10 21:39:48.993 | Thread-11 | INFO  | c.z.h.HikariDataSource:HikariDataSource.java(350) | HikariPool-1 - Shutdown initiated...
2020-10-10 21:39:48.998 | Thread-11 | INFO  | c.z.h.HikariDataSource:HikariDataSource.java(352) | HikariPool-1 - Shutdown completed.
2020-10-10 21:39:56.384 | main | INFO  | o.s.b.StartupInfoLogger:StartupInfoLogger.java(50) | Starting MyApplication on pc-PC with PID 11876 (F:\workspace\contest\main.war\out\production\classes started by pc in F:\workspace\contest\main.war)
2020-10-10 21:39:56.389 | main | INFO  | o.s.b.SpringApplication:SpringApplication.java(648) | No active profile set, falling back to default profiles: default
2020-10-10 21:39:57.886 | main | INFO  | o.s.c.s.PostProcessorRegistrationDelegate$BeanPostProcessorChecker:PostProcessorRegistrationDelegate.java(330) | Bean 'org.springframework.transaction.annotation.ProxyTransactionManagementConfiguration' of type [org.springframework.transaction.annotation.ProxyTransactionManagementConfiguration$$EnhancerBySpringCGLIB$$858296cf] is not eligible for getting processed by all BeanPostProcessors (for example: not eligible for auto-proxying)
2020-10-10 21:39:58.174 | main | INFO  | o.s.b.w.e.t.TomcatWebServer:TomcatWebServer.java(90) | Tomcat initialized with port(s): 8888 (http)
2020-10-10 21:39:58.356 | main | INFO  | o.s.b.w.s.c.ServletWebServerApplicationContext:ServletWebServerApplicationContext.java(284) | Root WebApplicationContext: initialization completed in 1905 ms
2020-10-10 21:39:59.545 | main | INFO  | o.s.s.c.ExecutorConfigurationSupport:ExecutorConfigurationSupport.java(171) | Initializing ExecutorService
2020-10-10 21:39:59.547 | main | INFO  | o.s.s.c.ExecutorConfigurationSupport:ExecutorConfigurationSupport.java(171) | Initializing ExecutorService 'taskExecutor'
2020-10-10 21:40:00.049 | main | INFO  | t.m.m.a.MapperCacheDisabler:MapperCacheDisabler.java(60) | Clear tk.mybatis.mapper.util.MsUtil CLASS_CACHE cache.
2020-10-10 21:40:00.050 | main | INFO  | t.m.m.a.MapperCacheDisabler:MapperCacheDisabler.java(60) | Clear tk.mybatis.mapper.genid.GenIdUtil CACHE cache.
2020-10-10 21:40:00.051 | main | INFO  | t.m.m.a.MapperCacheDisabler:MapperCacheDisabler.java(60) | Clear tk.mybatis.mapper.version.VersionUtil CACHE cache.
2020-10-10 21:40:00.051 | main | INFO  | t.m.m.a.MapperCacheDisabler:MapperCacheDisabler.java(83) | Clear EntityHelper entityTableMap cache.
2020-10-10 21:40:00.057 | main | INFO  | o.s.b.a.e.w.EndpointLinksResolver:EndpointLinksResolver.java(58) | Exposing 2 endpoint(s) beneath base path '/actuator'
2020-10-10 21:40:00.134 | main | INFO  | o.s.b.w.e.t.TomcatWebServer:TomcatWebServer.java(202) | Tomcat started on port(s): 8888 (http) with context path ''
2020-10-10 21:40:00.138 | main | INFO  | o.s.b.StartupInfoLogger:StartupInfoLogger.java(59) | Started MyApplication in 4.27 seconds (JVM running for 5.298)
2020-10-10 21:40:00.609 | RMI TCP Connection(5)-192.168.1.5 | WARN  | c.z.h.HikariConfig:HikariConfig.java(1008) | {} - idleTimeout has been set but has no effect because the pool is operating as a fixed size pool.
2020-10-10 21:40:00.610 | RMI TCP Connection(4)-192.168.1.5 | INFO  | o.s.w.s.FrameworkServlet:FrameworkServlet.java(524) | Initializing Servlet 'dispatcherServlet'
2020-10-10 21:40:00.610 | RMI TCP Connection(5)-192.168.1.5 | INFO  | c.z.h.HikariDataSource:HikariDataSource.java(110) | HikariPool-1 - Starting...
2020-10-10 21:40:00.618 | RMI TCP Connection(4)-192.168.1.5 | INFO  | o.s.w.s.FrameworkServlet:FrameworkServlet.java(546) | Completed initialization in 7 ms
2020-10-10 21:40:00.781 | RMI TCP Connection(5)-192.168.1.5 | INFO  | c.z.h.HikariDataSource:HikariDataSource.java(123) | HikariPool-1 - Start completed.
2020-10-10 23:12:32.200 | Thread-11 | INFO  | o.s.s.c.ExecutorConfigurationSupport:ExecutorConfigurationSupport.java(208) | Shutting down ExecutorService 'taskExecutor'
2020-10-10 23:12:32.200 | Thread-11 | INFO  | c.z.h.HikariDataSource:HikariDataSource.java(350) | HikariPool-1 - Shutdown initiated...
2020-10-10 23:12:32.204 | Thread-11 | INFO  | c.z.h.HikariDataSource:HikariDataSource.java(352) | HikariPool-1 - Shutdown completed.
2020-10-10 23:21:38.147 | main | INFO  | o.s.b.StartupInfoLogger:StartupInfoLogger.java(50) | Starting MyApplication on pc-PC with PID 11012 (F:\workspace\contest\main.war\out\production\classes started by pc in F:\workspace\contest\main.war)
2020-10-10 23:21:38.150 | main | INFO  | o.s.b.SpringApplication:SpringApplication.java(648) | No active profile set, falling back to default profiles: default
2020-10-10 23:21:39.481 | main | INFO  | o.s.c.s.PostProcessorRegistrationDelegate$BeanPostProcessorChecker:PostProcessorRegistrationDelegate.java(330) | Bean 'org.springframework.transaction.annotation.ProxyTransactionManagementConfiguration' of type [org.springframework.transaction.annotation.ProxyTransactionManagementConfiguration$$EnhancerBySpringCGLIB$$3e50eddc] is not eligible for getting processed by all BeanPostProcessors (for example: not eligible for auto-proxying)
2020-10-10 23:21:39.895 | main | INFO  | o.s.b.w.e.t.TomcatWebServer:TomcatWebServer.java(90) | Tomcat initialized with port(s): 8888 (http)
2020-10-10 23:21:40.096 | main | INFO  | o.s.b.w.s.c.ServletWebServerApplicationContext:ServletWebServerApplicationContext.java(284) | Root WebApplicationContext: initialization completed in 1882 ms
2020-10-10 23:21:41.039 | main | INFO  | o.s.s.c.ExecutorConfigurationSupport:ExecutorConfigurationSupport.java(171) | Initializing ExecutorService
2020-10-10 23:21:41.041 | main | INFO  | o.s.s.c.ExecutorConfigurationSupport:ExecutorConfigurationSupport.java(171) | Initializing ExecutorService 'taskExecutor'
2020-10-10 23:21:41.495 | main | INFO  | t.m.m.a.MapperCacheDisabler:MapperCacheDisabler.java(60) | Clear tk.mybatis.mapper.util.MsUtil CLASS_CACHE cache.
2020-10-10 23:21:41.496 | main | INFO  | t.m.m.a.MapperCacheDisabler:MapperCacheDisabler.java(60) | Clear tk.mybatis.mapper.genid.GenIdUtil CACHE cache.
2020-10-10 23:21:41.496 | main | INFO  | t.m.m.a.MapperCacheDisabler:MapperCacheDisabler.java(60) | Clear tk.mybatis.mapper.version.VersionUtil CACHE cache.
2020-10-10 23:21:41.497 | main | INFO  | t.m.m.a.MapperCacheDisabler:MapperCacheDisabler.java(83) | Clear EntityHelper entityTableMap cache.
2020-10-10 23:21:41.502 | main | INFO  | o.s.b.a.e.w.EndpointLinksResolver:EndpointLinksResolver.java(58) | Exposing 2 endpoint(s) beneath base path '/actuator'
2020-10-10 23:21:41.587 | main | INFO  | o.s.b.w.e.t.TomcatWebServer:TomcatWebServer.java(202) | Tomcat started on port(s): 8888 (http) with context path ''
2020-10-10 23:21:41.590 | main | INFO  | o.s.b.StartupInfoLogger:StartupInfoLogger.java(59) | Started MyApplication in 4.063 seconds (JVM running for 6.096)
2020-10-10 23:21:42.016 | RMI TCP Connection(1)-192.168.1.5 | WARN  | c.z.h.HikariConfig:HikariConfig.java(1008) | {} - idleTimeout has been set but has no effect because the pool is operating as a fixed size pool.
2020-10-10 23:21:42.017 | RMI TCP Connection(1)-192.168.1.5 | INFO  | c.z.h.HikariDataSource:HikariDataSource.java(110) | HikariPool-1 - Starting...
2020-10-10 23:21:42.185 | RMI TCP Connection(3)-192.168.1.5 | INFO  | o.s.w.s.FrameworkServlet:FrameworkServlet.java(524) | Initializing Servlet 'dispatcherServlet'
2020-10-10 23:21:42.198 | RMI TCP Connection(3)-192.168.1.5 | INFO  | o.s.w.s.FrameworkServlet:FrameworkServlet.java(546) | Completed initialization in 13 ms
2020-10-10 23:21:42.209 | RMI TCP Connection(1)-192.168.1.5 | INFO  | c.z.h.HikariDataSource:HikariDataSource.java(123) | HikariPool-1 - Start completed.
